2025-02-18 10:27:50,083 - INFO - Precios extra顔os - Sucursal: [2600, 3700, 4300, 4900], Domicilio: [3100, 4200, 4800, 5400]
2025-02-18 10:27:50,084 - INFO - SANTIAGO -> SANTIAGO | XS: Sucursal=$2600, Domicilio=$3100
2025-02-18 10:27:50,084 - INFO - SANTIAGO -> SANTIAGO | S: Sucursal=$3700, Domicilio=$4200
2025-02-18 10:27:50,084 - INFO - SANTIAGO -> SANTIAGO | M: Sucursal=$4300, Domicilio=$4800
2025-02-18 10:27:50,084 - INFO - SANTIAGO -> SANTIAGO | L: Sucursal=$4900, Domicilio=$5400
2025-02-18 10:27:56,565 - INFO - Precios extra顔os - Sucursal: [3800, 5100, 6800, 8700], Domicilio: [4300, 5600, 7300, 9200]
2025-02-18 10:27:56,575 - INFO - SANTIAGO -> CONCEPCION | XS: Sucursal=$3800, Domicilio=$4300
2025-02-18 10:27:56,575 - INFO - SANTIAGO -> CONCEPCION | S: Sucursal=$5100, Domicilio=$5600
2025-02-18 10:27:56,575 - INFO - SANTIAGO -> CONCEPCION | M: Sucursal=$6800, Domicilio=$7300
2025-02-18 10:27:56,575 - INFO - SANTIAGO -> CONCEPCION | L: Sucursal=$8700, Domicilio=$9200
2025-02-18 10:28:03,043 - INFO - Precios extra顔os - Sucursal: [3800, 5100, 6800, 8700], Domicilio: [4300, 5600, 7300, 9200]
2025-02-18 10:28:03,043 - INFO - CONCEPCION -> SANTIAGO | XS: Sucursal=$3800, Domicilio=$4300
2025-02-18 10:28:03,043 - INFO - CONCEPCION -> SANTIAGO | S: Sucursal=$5100, Domicilio=$5600
2025-02-18 10:28:03,043 - INFO - CONCEPCION -> SANTIAGO | M: Sucursal=$6800, Domicilio=$7300
2025-02-18 10:28:03,043 - INFO - CONCEPCION -> SANTIAGO | L: Sucursal=$8700, Domicilio=$9200
2025-02-18 10:28:09,546 - INFO - Precios extra顔os - Sucursal: [3800, 5100, 6800, 8700], Domicilio: [4300, 5600, 7300, 9200]
2025-02-18 10:28:09,546 - INFO - VI헤 DEL MAR -> SANTIAGO | XS: Sucursal=$3800, Domicilio=$4300
2025-02-18 10:28:09,546 - INFO - VI헤 DEL MAR -> SANTIAGO | S: Sucursal=$5100, Domicilio=$5600
2025-02-18 10:28:09,546 - INFO - VI헤 DEL MAR -> SANTIAGO | M: Sucursal=$6800, Domicilio=$7300
2025-02-18 10:28:09,546 - INFO - VI헤 DEL MAR -> SANTIAGO | L: Sucursal=$8700, Domicilio=$9200
2025-02-18 10:28:15,997 - INFO - Precios extra顔os - Sucursal: [3800, 5100, 6800, 8700], Domicilio: [4300, 5600, 7300, 9200]
2025-02-18 10:28:15,997 - INFO - SANTIAGO -> VALDIVIA | XS: Sucursal=$3800, Domicilio=$4300
2025-02-18 10:28:15,997 - INFO - SANTIAGO -> VALDIVIA | S: Sucursal=$5100, Domicilio=$5600
2025-02-18 10:28:15,997 - INFO - SANTIAGO -> VALDIVIA | M: Sucursal=$6800, Domicilio=$7300
2025-02-18 10:28:15,997 - INFO - SANTIAGO -> VALDIVIA | L: Sucursal=$8700, Domicilio=$9200
2025-02-18 10:28:22,543 - INFO - Precios extra顔os - Sucursal: [3800, 5100, 6800, 8700], Domicilio: [4300, 5600, 7300, 9200]
2025-02-18 10:28:22,543 - INFO - SANTIAGO -> VI헤 DEL MAR | XS: Sucursal=$3800, Domicilio=$4300
2025-02-18 10:28:22,543 - INFO - SANTIAGO -> VI헤 DEL MAR | S: Sucursal=$5100, Domicilio=$5600
2025-02-18 10:28:22,543 - INFO - SANTIAGO -> VI헤 DEL MAR | M: Sucursal=$6800, Domicilio=$7300
2025-02-18 10:28:22,543 - INFO - SANTIAGO -> VI헤 DEL MAR | L: Sucursal=$8700, Domicilio=$9200
2025-02-18 10:28:29,066 - INFO - Precios extra顔os - Sucursal: [3800, 5100, 6800, 8700], Domicilio: [4300, 5600, 7300, 9200]
2025-02-18 10:28:29,067 - INFO - VALDIVIA -> SANTIAGO | XS: Sucursal=$3800, Domicilio=$4300
2025-02-18 10:28:29,067 - INFO - VALDIVIA -> SANTIAGO | S: Sucursal=$5100, Domicilio=$5600
2025-02-18 10:28:29,067 - INFO - VALDIVIA -> SANTIAGO | M: Sucursal=$6800, Domicilio=$7300
2025-02-18 10:28:29,068 - INFO - VALDIVIA -> SANTIAGO | L: Sucursal=$8700, Domicilio=$9200
2025-02-18 10:28:35,465 - INFO - Precios extra顔os - Sucursal: [3800, 5100, 6800, 8700], Domicilio: [4300, 5600, 7300, 9200]
2025-02-18 10:28:35,465 - INFO - SANTIAGO -> LA SERENA | XS: Sucursal=$3800, Domicilio=$4300
2025-02-18 10:28:35,465 - INFO - SANTIAGO -> LA SERENA | S: Sucursal=$5100, Domicilio=$5600
2025-02-18 10:28:35,465 - INFO - SANTIAGO -> LA SERENA | M: Sucursal=$6800, Domicilio=$7300
2025-02-18 10:28:35,466 - INFO - SANTIAGO -> LA SERENA | L: Sucursal=$8700, Domicilio=$9200
2025-02-18 10:28:41,877 - INFO - Precios extra顔os - Sucursal: [3800, 5100, 6800, 8700], Domicilio: [4300, 5600, 7300, 9200]
2025-02-18 10:28:41,878 - INFO - SANTIAGO -> PUERTO MONTT | XS: Sucursal=$3800, Domicilio=$4300
2025-02-18 10:28:41,879 - INFO - SANTIAGO -> PUERTO MONTT | S: Sucursal=$5100, Domicilio=$5600
2025-02-18 10:28:41,879 - INFO - SANTIAGO -> PUERTO MONTT | M: Sucursal=$6800, Domicilio=$7300
2025-02-18 10:28:41,879 - INFO - SANTIAGO -> PUERTO MONTT | L: Sucursal=$8700, Domicilio=$9200
2025-02-18 10:28:48,344 - INFO - Precios extra顔os - Sucursal: [2600, 3700, 4300, 4900], Domicilio: [3100, 4200, 4800, 5400]
2025-02-18 10:28:48,344 - INFO - CONCEPCION -> CONCEPCION | XS: Sucursal=$2600, Domicilio=$3100
2025-02-18 10:28:48,344 - INFO - CONCEPCION -> CONCEPCION | S: Sucursal=$3700, Domicilio=$4200
2025-02-18 10:28:48,344 - INFO - CONCEPCION -> CONCEPCION | M: Sucursal=$4300, Domicilio=$4800
2025-02-18 10:28:48,344 - INFO - CONCEPCION -> CONCEPCION | L: Sucursal=$4900, Domicilio=$5400
2025-02-18 10:28:54,778 - INFO - Precios extra顔os - Sucursal: [3800, 5100, 6800, 8700], Domicilio: [4300, 5600, 7300, 9200]
2025-02-18 10:28:54,778 - INFO - LA SERENA -> SANTIAGO | XS: Sucursal=$3800, Domicilio=$4300
2025-02-18 10:28:54,778 - INFO - LA SERENA -> SANTIAGO | S: Sucursal=$5100, Domicilio=$5600
2025-02-18 10:28:54,778 - INFO - LA SERENA -> SANTIAGO | M: Sucursal=$6800, Domicilio=$7300
2025-02-18 10:28:54,778 - INFO - LA SERENA -> SANTIAGO | L: Sucursal=$8700, Domicilio=$9200
2025-02-18 10:29:01,302 - INFO - Precios extra顔os - Sucursal: [3800, 5100, 6800, 8700], Domicilio: [4300, 5600, 7300, 9200]
2025-02-18 10:29:01,302 - INFO - SANTIAGO -> RANCAGUA | XS: Sucursal=$3800, Domicilio=$4300
2025-02-18 10:29:01,304 - INFO - SANTIAGO -> RANCAGUA | S: Sucursal=$5100, Domicilio=$5600
2025-02-18 10:29:01,304 - INFO - SANTIAGO -> RANCAGUA | M: Sucursal=$6800, Domicilio=$7300
2025-02-18 10:29:01,304 - INFO - SANTIAGO -> RANCAGUA | L: Sucursal=$8700, Domicilio=$9200
2025-02-18 10:29:07,742 - INFO - Precios extra顔os - Sucursal: [3800, 5100, 6800, 8700], Domicilio: [4300, 5600, 7300, 9200]
2025-02-18 10:29:07,742 - INFO - VI헤 DEL MAR -> CONCEPCION | XS: Sucursal=$3800, Domicilio=$4300
2025-02-18 10:29:07,742 - INFO - VI헤 DEL MAR -> CONCEPCION | S: Sucursal=$5100, Domicilio=$5600
2025-02-18 10:29:07,742 - INFO - VI헤 DEL MAR -> CONCEPCION | M: Sucursal=$6800, Domicilio=$7300
2025-02-18 10:29:07,742 - INFO - VI헤 DEL MAR -> CONCEPCION | L: Sucursal=$8700, Domicilio=$9200
2025-02-18 10:29:14,190 - INFO - Precios extra顔os - Sucursal: [3800, 5100, 6800, 8700], Domicilio: [4300, 5600, 7300, 9200]
2025-02-18 10:29:14,197 - INFO - RANCAGUA -> SANTIAGO | XS: Sucursal=$3800, Domicilio=$4300
2025-02-18 10:29:14,197 - INFO - RANCAGUA -> SANTIAGO | S: Sucursal=$5100, Domicilio=$5600
2025-02-18 10:29:14,198 - INFO - RANCAGUA -> SANTIAGO | M: Sucursal=$6800, Domicilio=$7300
2025-02-18 10:29:14,198 - INFO - RANCAGUA -> SANTIAGO | L: Sucursal=$8700, Domicilio=$9200
2025-02-18 10:29:20,605 - INFO - Precios extra顔os - Sucursal: [3800, 5100, 6800, 8700], Domicilio: [4300, 5600, 7300, 9200]
2025-02-18 10:29:20,608 - INFO - CONCEPCION -> VALDIVIA | XS: Sucursal=$3800, Domicilio=$4300
2025-02-18 10:29:20,608 - INFO - CONCEPCION -> VALDIVIA | S: Sucursal=$5100, Domicilio=$5600
2025-02-18 10:29:20,609 - INFO - CONCEPCION -> VALDIVIA | M: Sucursal=$6800, Domicilio=$7300
2025-02-18 10:29:20,609 - INFO - CONCEPCION -> VALDIVIA | L: Sucursal=$8700, Domicilio=$9200
2025-02-18 10:29:27,102 - INFO - Precios extra顔os - Sucursal: [3800, 5100, 6800, 8700], Domicilio: [4300, 5600, 7300, 9200]
2025-02-18 10:29:27,102 - INFO - CONCEPCION -> VI헤 DEL MAR | XS: Sucursal=$3800, Domicilio=$4300
2025-02-18 10:29:27,102 - INFO - CONCEPCION -> VI헤 DEL MAR | S: Sucursal=$5100, Domicilio=$5600
2025-02-18 10:29:27,102 - INFO - CONCEPCION -> VI헤 DEL MAR | M: Sucursal=$6800, Domicilio=$7300
2025-02-18 10:29:27,102 - INFO - CONCEPCION -> VI헤 DEL MAR | L: Sucursal=$8700, Domicilio=$9200
2025-02-18 10:29:33,565 - INFO - Precios extra顔os - Sucursal: [3800, 5100, 6800, 8700], Domicilio: [4300, 5600, 7300, 9200]
2025-02-18 10:29:33,565 - INFO - VALDIVIA -> CONCEPCION | XS: Sucursal=$3800, Domicilio=$4300
2025-02-18 10:29:33,565 - INFO - VALDIVIA -> CONCEPCION | S: Sucursal=$5100, Domicilio=$5600
2025-02-18 10:29:33,565 - INFO - VALDIVIA -> CONCEPCION | M: Sucursal=$6800, Domicilio=$7300
2025-02-18 10:29:33,565 - INFO - VALDIVIA -> CONCEPCION | L: Sucursal=$8700, Domicilio=$9200
2025-02-18 10:29:40,117 - INFO - Precios extra顔os - Sucursal: [3800, 5100, 6800, 8700], Domicilio: [4300, 5600, 7300, 9200]
2025-02-18 10:29:40,117 - INFO - PUERTO MONTT -> SANTIAGO | XS: Sucursal=$3800, Domicilio=$4300
2025-02-18 10:29:40,117 - INFO - PUERTO MONTT -> SANTIAGO | S: Sucursal=$5100, Domicilio=$5600
2025-02-18 10:29:40,124 - INFO - PUERTO MONTT -> SANTIAGO | M: Sucursal=$6800, Domicilio=$7300
2025-02-18 10:29:40,124 - INFO - PUERTO MONTT -> SANTIAGO | L: Sucursal=$8700, Domicilio=$9200
2025-02-18 10:29:46,617 - INFO - Precios extra顔os - Sucursal: [3800, 5100, 6800, 8700], Domicilio: [4300, 5600, 7300, 9200]
2025-02-18 10:29:46,617 - INFO - SANTIAGO -> COPIAPO | XS: Sucursal=$3800, Domicilio=$4300
2025-02-18 10:29:46,617 - INFO - SANTIAGO -> COPIAPO | S: Sucursal=$5100, Domicilio=$5600
2025-02-18 10:29:46,617 - INFO - SANTIAGO -> COPIAPO | M: Sucursal=$6800, Domicilio=$7300
2025-02-18 10:29:46,617 - INFO - SANTIAGO -> COPIAPO | L: Sucursal=$8700, Domicilio=$9200
2025-02-18 10:29:53,105 - INFO - Precios extra顔os - Sucursal: [3800, 5100, 6800, 8700], Domicilio: [4300, 5600, 7300, 9200]
2025-02-18 10:29:53,105 - INFO - VI헤 DEL MAR -> VALDIVIA | XS: Sucursal=$3800, Domicilio=$4300
2025-02-18 10:29:53,105 - INFO - VI헤 DEL MAR -> VALDIVIA | S: Sucursal=$5100, Domicilio=$5600
2025-02-18 10:29:53,105 - INFO - VI헤 DEL MAR -> VALDIVIA | M: Sucursal=$6800, Domicilio=$7300
2025-02-18 10:29:53,105 - INFO - VI헤 DEL MAR -> VALDIVIA | L: Sucursal=$8700, Domicilio=$9200
2025-02-18 10:29:59,596 - INFO - Precios extra顔os - Sucursal: [2600, 3700, 4300, 4900], Domicilio: [3100, 4200, 4800, 5400]
2025-02-18 10:29:59,596 - INFO - VI헤 DEL MAR -> VI헤 DEL MAR | XS: Sucursal=$2600, Domicilio=$3100
2025-02-18 10:29:59,596 - INFO - VI헤 DEL MAR -> VI헤 DEL MAR | S: Sucursal=$3700, Domicilio=$4200
2025-02-18 10:29:59,596 - INFO - VI헤 DEL MAR -> VI헤 DEL MAR | M: Sucursal=$4300, Domicilio=$4800
2025-02-18 10:29:59,596 - INFO - VI헤 DEL MAR -> VI헤 DEL MAR | L: Sucursal=$4900, Domicilio=$5400
2025-02-18 10:30:06,061 - INFO - Precios extra顔os - Sucursal: [3800, 5100, 6800, 8700], Domicilio: [4300, 5600, 7300, 9200]
2025-02-18 10:30:06,061 - INFO - VI헤 DEL MAR -> LA SERENA | XS: Sucursal=$3800, Domicilio=$4300
2025-02-18 10:30:06,061 - INFO - VI헤 DEL MAR -> LA SERENA | S: Sucursal=$5100, Domicilio=$5600
2025-02-18 10:30:06,061 - INFO - VI헤 DEL MAR -> LA SERENA | M: Sucursal=$6800, Domicilio=$7300
2025-02-18 10:30:06,061 - INFO - VI헤 DEL MAR -> LA SERENA | L: Sucursal=$8700, Domicilio=$9200
2025-02-18 10:30:12,539 - INFO - Precios extra顔os - Sucursal: [3800, 5100, 6800, 8700], Domicilio: [4300, 5600, 7300, 9200]
2025-02-18 10:30:12,539 - INFO - CONCEPCION -> PUERTO MONTT | XS: Sucursal=$3800, Domicilio=$4300
2025-02-18 10:30:12,539 - INFO - CONCEPCION -> PUERTO MONTT | S: Sucursal=$5100, Domicilio=$5600
2025-02-18 10:30:12,539 - INFO - CONCEPCION -> PUERTO MONTT | M: Sucursal=$6800, Domicilio=$7300
2025-02-18 10:30:12,539 - INFO - CONCEPCION -> PUERTO MONTT | L: Sucursal=$8700, Domicilio=$9200
2025-02-18 10:30:18,921 - INFO - Precios extra顔os - Sucursal: [2600, 3700, 4300, 4900], Domicilio: [3100, 4200, 4800, 5400]
2025-02-18 10:30:18,921 - INFO - VALDIVIA -> VALDIVIA | XS: Sucursal=$2600, Domicilio=$3100
2025-02-18 10:30:18,921 - INFO - VALDIVIA -> VALDIVIA | S: Sucursal=$3700, Domicilio=$4200
2025-02-18 10:30:18,921 - INFO - VALDIVIA -> VALDIVIA | M: Sucursal=$4300, Domicilio=$4800
2025-02-18 10:30:18,922 - INFO - VALDIVIA -> VALDIVIA | L: Sucursal=$4900, Domicilio=$5400
2025-02-18 10:30:25,302 - INFO - Precios extra顔os - Sucursal: [4700, 9000, 14000, 16500], Domicilio: [5200, 9500, 14500, 17000]
2025-02-18 10:30:25,302 - INFO - SANTIAGO -> ANTOFAGASTA | XS: Sucursal=$4700, Domicilio=$5200
2025-02-18 10:30:25,302 - INFO - SANTIAGO -> ANTOFAGASTA | S: Sucursal=$9000, Domicilio=$9500
2025-02-18 10:30:25,302 - INFO - SANTIAGO -> ANTOFAGASTA | M: Sucursal=$14000, Domicilio=$14500
2025-02-18 10:30:25,302 - INFO - SANTIAGO -> ANTOFAGASTA | L: Sucursal=$16500, Domicilio=$17000
2025-02-18 10:30:31,701 - INFO - Precios extra顔os - Sucursal: [3800, 5100, 6800, 8700], Domicilio: [4300, 5600, 7300, 9200]
2025-02-18 10:30:31,701 - INFO - COPIAPO -> SANTIAGO | XS: Sucursal=$3800, Domicilio=$4300
2025-02-18 10:30:31,701 - INFO - COPIAPO -> SANTIAGO | S: Sucursal=$5100, Domicilio=$5600
2025-02-18 10:30:31,701 - INFO - COPIAPO -> SANTIAGO | M: Sucursal=$6800, Domicilio=$7300
2025-02-18 10:30:31,701 - INFO - COPIAPO -> SANTIAGO | L: Sucursal=$8700, Domicilio=$9200
2025-02-18 10:30:38,145 - INFO - Precios extra顔os - Sucursal: [3800, 5100, 6800, 8700], Domicilio: [4300, 5600, 7300, 9200]
2025-02-18 10:30:38,145 - INFO - CONCEPCION -> RANCAGUA | XS: Sucursal=$3800, Domicilio=$4300
2025-02-18 10:30:38,145 - INFO - CONCEPCION -> RANCAGUA | S: Sucursal=$5100, Domicilio=$5600
2025-02-18 10:30:38,145 - INFO - CONCEPCION -> RANCAGUA | M: Sucursal=$6800, Domicilio=$7300
2025-02-18 10:30:38,145 - INFO - CONCEPCION -> RANCAGUA | L: Sucursal=$8700, Domicilio=$9200
2025-02-18 10:30:44,699 - INFO - Precios extra顔os - Sucursal: [4700, 9000, 14000, 16500], Domicilio: [5200, 9500, 14500, 17000]
2025-02-18 10:30:44,700 - INFO - SANTIAGO -> PUNTA ARENAS | XS: Sucursal=$4700, Domicilio=$5200
2025-02-18 10:30:44,701 - INFO - SANTIAGO -> PUNTA ARENAS | S: Sucursal=$9000, Domicilio=$9500
2025-02-18 10:30:44,701 - INFO - SANTIAGO -> PUNTA ARENAS | M: Sucursal=$14000, Domicilio=$14500
2025-02-18 10:30:44,701 - INFO - SANTIAGO -> PUNTA ARENAS | L: Sucursal=$16500, Domicilio=$17000
2025-02-18 10:30:51,121 - INFO - Precios extra顔os - Sucursal: [4700, 9000, 14000, 16500], Domicilio: [5200, 9500, 14500, 17000]
2025-02-18 10:30:51,129 - INFO - SANTIAGO -> ARICA | XS: Sucursal=$4700, Domicilio=$5200
2025-02-18 10:30:51,129 - INFO - SANTIAGO -> ARICA | S: Sucursal=$9000, Domicilio=$9500
2025-02-18 10:30:51,129 - INFO - SANTIAGO -> ARICA | M: Sucursal=$14000, Domicilio=$14500
2025-02-18 10:30:51,129 - INFO - SANTIAGO -> ARICA | L: Sucursal=$16500, Domicilio=$17000
2025-02-18 10:30:57,542 - INFO - Precios extra顔os - Sucursal: [4700, 9000, 14000, 16500], Domicilio: [5200, 9500, 14500, 17000]
2025-02-18 10:30:57,542 - INFO - SANTIAGO -> COYHAIQUE | XS: Sucursal=$4700, Domicilio=$5200
2025-02-18 10:30:57,542 - INFO - SANTIAGO -> COYHAIQUE | S: Sucursal=$9000, Domicilio=$9500
2025-02-18 10:30:57,542 - INFO - SANTIAGO -> COYHAIQUE | M: Sucursal=$14000, Domicilio=$14500
2025-02-18 10:30:57,542 - INFO - SANTIAGO -> COYHAIQUE | L: Sucursal=$16500, Domicilio=$17000
2025-02-18 10:31:03,990 - INFO - Precios extra顔os - Sucursal: [4700, 9000, 14000, 16500], Domicilio: [5200, 9500, 14500, 17000]
2025-02-18 10:31:03,990 - INFO - SANTIAGO -> IQUIQUE | XS: Sucursal=$4700, Domicilio=$5200
2025-02-18 10:31:03,990 - INFO - SANTIAGO -> IQUIQUE | S: Sucursal=$9000, Domicilio=$9500
2025-02-18 10:31:03,998 - INFO - SANTIAGO -> IQUIQUE | M: Sucursal=$14000, Domicilio=$14500
2025-02-18 10:31:03,998 - INFO - SANTIAGO -> IQUIQUE | L: Sucursal=$16500, Domicilio=$17000
2025-02-18 10:31:12,576 - INFO - Resultados guardados en la base de datos
2025-02-18 15:57:25,399 - INFO - Precios extra顔os - Sucursal: [2600, 3700, 4300, 4900], Domicilio: [3100, 4200, 4800, 5400]
2025-02-18 15:57:25,400 - INFO - SANTIAGO -> SANTIAGO | XS: Sucursal=$2600, Domicilio=$3100
2025-02-18 15:57:25,401 - INFO - SANTIAGO -> SANTIAGO | S: Sucursal=$3700, Domicilio=$4200
2025-02-18 15:57:25,401 - INFO - SANTIAGO -> SANTIAGO | M: Sucursal=$4300, Domicilio=$4800
2025-02-18 15:57:25,401 - INFO - SANTIAGO -> SANTIAGO | L: Sucursal=$4900, Domicilio=$5400
2025-02-18 15:57:31,851 - INFO - Precios extra顔os - Sucursal: [3800, 5100, 6800, 8700], Domicilio: [4300, 5600, 7300, 9200]
2025-02-18 15:57:31,851 - INFO - SANTIAGO -> CONCEPCION | XS: Sucursal=$3800, Domicilio=$4300
2025-02-18 15:57:31,852 - INFO - SANTIAGO -> CONCEPCION | S: Sucursal=$5100, Domicilio=$5600
2025-02-18 15:57:31,852 - INFO - SANTIAGO -> CONCEPCION | M: Sucursal=$6800, Domicilio=$7300
2025-02-18 15:57:31,852 - INFO - SANTIAGO -> CONCEPCION | L: Sucursal=$8700, Domicilio=$9200
2025-02-18 15:57:38,334 - INFO - Precios extra顔os - Sucursal: [3800, 5100, 6800, 8700], Domicilio: [4300, 5600, 7300, 9200]
2025-02-18 15:57:38,334 - INFO - CONCEPCION -> SANTIAGO | XS: Sucursal=$3800, Domicilio=$4300
2025-02-18 15:57:38,335 - INFO - CONCEPCION -> SANTIAGO | S: Sucursal=$5100, Domicilio=$5600
2025-02-18 15:57:38,335 - INFO - CONCEPCION -> SANTIAGO | M: Sucursal=$6800, Domicilio=$7300
2025-02-18 15:57:38,335 - INFO - CONCEPCION -> SANTIAGO | L: Sucursal=$8700, Domicilio=$9200
2025-02-18 15:57:44,992 - INFO - Precios extra顔os - Sucursal: [3800, 5100, 6800, 8700], Domicilio: [4300, 5600, 7300, 9200]
2025-02-18 15:57:44,993 - INFO - VI헤 DEL MAR -> SANTIAGO | XS: Sucursal=$3800, Domicilio=$4300
2025-02-18 15:57:44,993 - INFO - VI헤 DEL MAR -> SANTIAGO | S: Sucursal=$5100, Domicilio=$5600
2025-02-18 15:57:44,994 - INFO - VI헤 DEL MAR -> SANTIAGO | M: Sucursal=$6800, Domicilio=$7300
2025-02-18 15:57:44,994 - INFO - VI헤 DEL MAR -> SANTIAGO | L: Sucursal=$8700, Domicilio=$9200
2025-02-18 15:57:51,482 - INFO - Precios extra顔os - Sucursal: [3800, 5100, 6800, 8700], Domicilio: [4300, 5600, 7300, 9200]
2025-02-18 15:57:51,483 - INFO - SANTIAGO -> VALDIVIA | XS: Sucursal=$3800, Domicilio=$4300
2025-02-18 15:57:51,483 - INFO - SANTIAGO -> VALDIVIA | S: Sucursal=$5100, Domicilio=$5600
2025-02-18 15:57:51,483 - INFO - SANTIAGO -> VALDIVIA | M: Sucursal=$6800, Domicilio=$7300
2025-02-18 15:57:51,484 - INFO - SANTIAGO -> VALDIVIA | L: Sucursal=$8700, Domicilio=$9200
2025-02-18 15:57:57,895 - INFO - Precios extra顔os - Sucursal: [3800, 5100, 6800, 8700], Domicilio: [4300, 5600, 7300, 9200]
2025-02-18 15:57:57,895 - INFO - SANTIAGO -> VI헤 DEL MAR | XS: Sucursal=$3800, Domicilio=$4300
2025-02-18 15:57:57,895 - INFO - SANTIAGO -> VI헤 DEL MAR | S: Sucursal=$5100, Domicilio=$5600
2025-02-18 15:57:57,896 - INFO - SANTIAGO -> VI헤 DEL MAR | M: Sucursal=$6800, Domicilio=$7300
2025-02-18 15:57:57,896 - INFO - SANTIAGO -> VI헤 DEL MAR | L: Sucursal=$8700, Domicilio=$9200
2025-02-18 15:58:04,367 - INFO - Precios extra顔os - Sucursal: [3800, 5100, 6800, 8700], Domicilio: [4300, 5600, 7300, 9200]
2025-02-18 15:58:04,367 - INFO - VALDIVIA -> SANTIAGO | XS: Sucursal=$3800, Domicilio=$4300
2025-02-18 15:58:04,367 - INFO - VALDIVIA -> SANTIAGO | S: Sucursal=$5100, Domicilio=$5600
2025-02-18 15:58:04,368 - INFO - VALDIVIA -> SANTIAGO | M: Sucursal=$6800, Domicilio=$7300
2025-02-18 15:58:04,368 - INFO - VALDIVIA -> SANTIAGO | L: Sucursal=$8700, Domicilio=$9200
2025-02-18 15:58:10,788 - INFO - Precios extra顔os - Sucursal: [3800, 5100, 6800, 8700], Domicilio: [4300, 5600, 7300, 9200]
2025-02-18 15:58:10,790 - INFO - SANTIAGO -> LA SERENA | XS: Sucursal=$3800, Domicilio=$4300
2025-02-18 15:58:10,790 - INFO - SANTIAGO -> LA SERENA | S: Sucursal=$5100, Domicilio=$5600
2025-02-18 15:58:10,790 - INFO - SANTIAGO -> LA SERENA | M: Sucursal=$6800, Domicilio=$7300
2025-02-18 15:58:10,790 - INFO - SANTIAGO -> LA SERENA | L: Sucursal=$8700, Domicilio=$9200
2025-02-18 15:58:17,028 - INFO - Precios extra顔os - Sucursal: [3800, 5100, 6800, 8700], Domicilio: [4300, 5600, 7300, 9200]
2025-02-18 15:58:17,028 - INFO - SANTIAGO -> PUERTO MONTT | XS: Sucursal=$3800, Domicilio=$4300
2025-02-18 15:58:17,028 - INFO - SANTIAGO -> PUERTO MONTT | S: Sucursal=$5100, Domicilio=$5600
2025-02-18 15:58:17,029 - INFO - SANTIAGO -> PUERTO MONTT | M: Sucursal=$6800, Domicilio=$7300
2025-02-18 15:58:17,029 - INFO - SANTIAGO -> PUERTO MONTT | L: Sucursal=$8700, Domicilio=$9200
2025-02-18 15:58:23,332 - INFO - Precios extra顔os - Sucursal: [2600, 3700, 4300, 4900], Domicilio: [3100, 4200, 4800, 5400]
2025-02-18 15:58:23,333 - INFO - CONCEPCION -> CONCEPCION | XS: Sucursal=$2600, Domicilio=$3100
2025-02-18 15:58:23,333 - INFO - CONCEPCION -> CONCEPCION | S: Sucursal=$3700, Domicilio=$4200
2025-02-18 15:58:23,333 - INFO - CONCEPCION -> CONCEPCION | M: Sucursal=$4300, Domicilio=$4800
2025-02-18 15:58:23,334 - INFO - CONCEPCION -> CONCEPCION | L: Sucursal=$4900, Domicilio=$5400
2025-02-18 15:58:29,707 - INFO - Precios extra顔os - Sucursal: [3800, 5100, 6800, 8700], Domicilio: [4300, 5600, 7300, 9200]
2025-02-18 15:58:29,708 - INFO - LA SERENA -> SANTIAGO | XS: Sucursal=$3800, Domicilio=$4300
2025-02-18 15:58:29,708 - INFO - LA SERENA -> SANTIAGO | S: Sucursal=$5100, Domicilio=$5600
2025-02-18 15:58:29,708 - INFO - LA SERENA -> SANTIAGO | M: Sucursal=$6800, Domicilio=$7300
2025-02-18 15:58:29,708 - INFO - LA SERENA -> SANTIAGO | L: Sucursal=$8700, Domicilio=$9200
2025-02-18 15:58:36,017 - INFO - Precios extra顔os - Sucursal: [3800, 5100, 6800, 8700], Domicilio: [4300, 5600, 7300, 9200]
2025-02-18 15:58:36,018 - INFO - SANTIAGO -> RANCAGUA | XS: Sucursal=$3800, Domicilio=$4300
2025-02-18 15:58:36,018 - INFO - SANTIAGO -> RANCAGUA | S: Sucursal=$5100, Domicilio=$5600
2025-02-18 15:58:36,018 - INFO - SANTIAGO -> RANCAGUA | M: Sucursal=$6800, Domicilio=$7300
2025-02-18 15:58:36,018 - INFO - SANTIAGO -> RANCAGUA | L: Sucursal=$8700, Domicilio=$9200
2025-02-18 15:58:42,393 - INFO - Precios extra顔os - Sucursal: [3800, 5100, 6800, 8700], Domicilio: [4300, 5600, 7300, 9200]
2025-02-18 15:58:42,394 - INFO - VI헤 DEL MAR -> CONCEPCION | XS: Sucursal=$3800, Domicilio=$4300
2025-02-18 15:58:42,394 - INFO - VI헤 DEL MAR -> CONCEPCION | S: Sucursal=$5100, Domicilio=$5600
2025-02-18 15:58:42,394 - INFO - VI헤 DEL MAR -> CONCEPCION | M: Sucursal=$6800, Domicilio=$7300
2025-02-18 15:58:42,394 - INFO - VI헤 DEL MAR -> CONCEPCION | L: Sucursal=$8700, Domicilio=$9200
2025-02-18 15:58:48,691 - INFO - Precios extra顔os - Sucursal: [3800, 5100, 6800, 8700], Domicilio: [4300, 5600, 7300, 9200]
2025-02-18 15:58:48,692 - INFO - RANCAGUA -> SANTIAGO | XS: Sucursal=$3800, Domicilio=$4300
2025-02-18 15:58:48,692 - INFO - RANCAGUA -> SANTIAGO | S: Sucursal=$5100, Domicilio=$5600
2025-02-18 15:58:48,692 - INFO - RANCAGUA -> SANTIAGO | M: Sucursal=$6800, Domicilio=$7300
2025-02-18 15:58:48,692 - INFO - RANCAGUA -> SANTIAGO | L: Sucursal=$8700, Domicilio=$9200
2025-02-18 15:58:55,105 - INFO - Precios extra顔os - Sucursal: [3800, 5100, 6800, 8700], Domicilio: [4300, 5600, 7300, 9200]
2025-02-18 15:58:55,105 - INFO - CONCEPCION -> VALDIVIA | XS: Sucursal=$3800, Domicilio=$4300
2025-02-18 15:58:55,106 - INFO - CONCEPCION -> VALDIVIA | S: Sucursal=$5100, Domicilio=$5600
2025-02-18 15:58:55,106 - INFO - CONCEPCION -> VALDIVIA | M: Sucursal=$6800, Domicilio=$7300
2025-02-18 15:58:55,106 - INFO - CONCEPCION -> VALDIVIA | L: Sucursal=$8700, Domicilio=$9200
2025-02-18 15:59:01,579 - INFO - Precios extra顔os - Sucursal: [3800, 5100, 6800, 8700], Domicilio: [4300, 5600, 7300, 9200]
2025-02-18 15:59:01,580 - INFO - CONCEPCION -> VI헤 DEL MAR | XS: Sucursal=$3800, Domicilio=$4300
2025-02-18 15:59:01,580 - INFO - CONCEPCION -> VI헤 DEL MAR | S: Sucursal=$5100, Domicilio=$5600
2025-02-18 15:59:01,580 - INFO - CONCEPCION -> VI헤 DEL MAR | M: Sucursal=$6800, Domicilio=$7300
2025-02-18 15:59:01,580 - INFO - CONCEPCION -> VI헤 DEL MAR | L: Sucursal=$8700, Domicilio=$9200
2025-02-18 15:59:07,956 - INFO - Precios extra顔os - Sucursal: [3800, 5100, 6800, 8700], Domicilio: [4300, 5600, 7300, 9200]
2025-02-18 15:59:07,956 - INFO - VALDIVIA -> CONCEPCION | XS: Sucursal=$3800, Domicilio=$4300
2025-02-18 15:59:07,956 - INFO - VALDIVIA -> CONCEPCION | S: Sucursal=$5100, Domicilio=$5600
2025-02-18 15:59:07,957 - INFO - VALDIVIA -> CONCEPCION | M: Sucursal=$6800, Domicilio=$7300
2025-02-18 15:59:07,957 - INFO - VALDIVIA -> CONCEPCION | L: Sucursal=$8700, Domicilio=$9200
2025-02-18 15:59:14,423 - INFO - Precios extra顔os - Sucursal: [3800, 5100, 6800, 8700], Domicilio: [4300, 5600, 7300, 9200]
2025-02-18 15:59:14,424 - INFO - PUERTO MONTT -> SANTIAGO | XS: Sucursal=$3800, Domicilio=$4300
2025-02-18 15:59:14,424 - INFO - PUERTO MONTT -> SANTIAGO | S: Sucursal=$5100, Domicilio=$5600
2025-02-18 15:59:14,424 - INFO - PUERTO MONTT -> SANTIAGO | M: Sucursal=$6800, Domicilio=$7300
2025-02-18 15:59:14,424 - INFO - PUERTO MONTT -> SANTIAGO | L: Sucursal=$8700, Domicilio=$9200
2025-02-18 15:59:20,844 - INFO - Precios extra顔os - Sucursal: [3800, 5100, 6800, 8700], Domicilio: [4300, 5600, 7300, 9200]
2025-02-18 15:59:20,846 - INFO - SANTIAGO -> COPIAPO | XS: Sucursal=$3800, Domicilio=$4300
2025-02-18 15:59:20,846 - INFO - SANTIAGO -> COPIAPO | S: Sucursal=$5100, Domicilio=$5600
2025-02-18 15:59:20,846 - INFO - SANTIAGO -> COPIAPO | M: Sucursal=$6800, Domicilio=$7300
2025-02-18 15:59:20,847 - INFO - SANTIAGO -> COPIAPO | L: Sucursal=$8700, Domicilio=$9200
2025-02-18 15:59:27,208 - INFO - Precios extra顔os - Sucursal: [3800, 5100, 6800, 8700], Domicilio: [4300, 5600, 7300, 9200]
2025-02-18 15:59:27,208 - INFO - VI헤 DEL MAR -> VALDIVIA | XS: Sucursal=$3800, Domicilio=$4300
2025-02-18 15:59:27,208 - INFO - VI헤 DEL MAR -> VALDIVIA | S: Sucursal=$5100, Domicilio=$5600
2025-02-18 15:59:27,208 - INFO - VI헤 DEL MAR -> VALDIVIA | M: Sucursal=$6800, Domicilio=$7300
2025-02-18 15:59:27,209 - INFO - VI헤 DEL MAR -> VALDIVIA | L: Sucursal=$8700, Domicilio=$9200
2025-02-18 15:59:33,728 - INFO - Precios extra顔os - Sucursal: [2600, 3700, 4300, 4900], Domicilio: [3100, 4200, 4800, 5400]
2025-02-18 15:59:33,729 - INFO - VI헤 DEL MAR -> VI헤 DEL MAR | XS: Sucursal=$2600, Domicilio=$3100
2025-02-18 15:59:33,729 - INFO - VI헤 DEL MAR -> VI헤 DEL MAR | S: Sucursal=$3700, Domicilio=$4200
2025-02-18 15:59:33,729 - INFO - VI헤 DEL MAR -> VI헤 DEL MAR | M: Sucursal=$4300, Domicilio=$4800
2025-02-18 15:59:33,729 - INFO - VI헤 DEL MAR -> VI헤 DEL MAR | L: Sucursal=$4900, Domicilio=$5400
2025-02-18 15:59:40,267 - INFO - Precios extra顔os - Sucursal: [3800, 5100, 6800, 8700], Domicilio: [4300, 5600, 7300, 9200]
2025-02-18 15:59:40,267 - INFO - VI헤 DEL MAR -> LA SERENA | XS: Sucursal=$3800, Domicilio=$4300
2025-02-18 15:59:40,267 - INFO - VI헤 DEL MAR -> LA SERENA | S: Sucursal=$5100, Domicilio=$5600
2025-02-18 15:59:40,268 - INFO - VI헤 DEL MAR -> LA SERENA | M: Sucursal=$6800, Domicilio=$7300
2025-02-18 15:59:40,268 - INFO - VI헤 DEL MAR -> LA SERENA | L: Sucursal=$8700, Domicilio=$9200
2025-02-18 15:59:46,833 - INFO - Precios extra顔os - Sucursal: [3800, 5100, 6800, 8700], Domicilio: [4300, 5600, 7300, 9200]
2025-02-18 15:59:46,834 - INFO - CONCEPCION -> PUERTO MONTT | XS: Sucursal=$3800, Domicilio=$4300
2025-02-18 15:59:46,834 - INFO - CONCEPCION -> PUERTO MONTT | S: Sucursal=$5100, Domicilio=$5600
2025-02-18 15:59:46,834 - INFO - CONCEPCION -> PUERTO MONTT | M: Sucursal=$6800, Domicilio=$7300
2025-02-18 15:59:46,834 - INFO - CONCEPCION -> PUERTO MONTT | L: Sucursal=$8700, Domicilio=$9200
2025-02-18 15:59:53,275 - INFO - Precios extra顔os - Sucursal: [2600, 3700, 4300, 4900], Domicilio: [3100, 4200, 4800, 5400]
2025-02-18 15:59:53,276 - INFO - VALDIVIA -> VALDIVIA | XS: Sucursal=$2600, Domicilio=$3100
2025-02-18 15:59:53,276 - INFO - VALDIVIA -> VALDIVIA | S: Sucursal=$3700, Domicilio=$4200
2025-02-18 15:59:53,276 - INFO - VALDIVIA -> VALDIVIA | M: Sucursal=$4300, Domicilio=$4800
2025-02-18 15:59:53,277 - INFO - VALDIVIA -> VALDIVIA | L: Sucursal=$4900, Domicilio=$5400
2025-02-18 15:59:59,764 - INFO - Precios extra顔os - Sucursal: [4700, 9000, 14000, 16500], Domicilio: [5200, 9500, 14500, 17000]
2025-02-18 15:59:59,764 - INFO - SANTIAGO -> ANTOFAGASTA | XS: Sucursal=$4700, Domicilio=$5200
2025-02-18 15:59:59,765 - INFO - SANTIAGO -> ANTOFAGASTA | S: Sucursal=$9000, Domicilio=$9500
2025-02-18 15:59:59,765 - INFO - SANTIAGO -> ANTOFAGASTA | M: Sucursal=$14000, Domicilio=$14500
2025-02-18 15:59:59,765 - INFO - SANTIAGO -> ANTOFAGASTA | L: Sucursal=$16500, Domicilio=$17000
2025-02-18 16:00:06,253 - INFO - Precios extra顔os - Sucursal: [3800, 5100, 6800, 8700], Domicilio: [4300, 5600, 7300, 9200]
2025-02-18 16:00:06,253 - INFO - COPIAPO -> SANTIAGO | XS: Sucursal=$3800, Domicilio=$4300
2025-02-18 16:00:06,253 - INFO - COPIAPO -> SANTIAGO | S: Sucursal=$5100, Domicilio=$5600
2025-02-18 16:00:06,253 - INFO - COPIAPO -> SANTIAGO | M: Sucursal=$6800, Domicilio=$7300
2025-02-18 16:00:06,253 - INFO - COPIAPO -> SANTIAGO | L: Sucursal=$8700, Domicilio=$9200
2025-02-18 16:00:12,677 - INFO - Precios extra顔os - Sucursal: [3800, 5100, 6800, 8700], Domicilio: [4300, 5600, 7300, 9200]
2025-02-18 16:00:12,677 - INFO - CONCEPCION -> RANCAGUA | XS: Sucursal=$3800, Domicilio=$4300
2025-02-18 16:00:12,677 - INFO - CONCEPCION -> RANCAGUA | S: Sucursal=$5100, Domicilio=$5600
2025-02-18 16:00:12,678 - INFO - CONCEPCION -> RANCAGUA | M: Sucursal=$6800, Domicilio=$7300
2025-02-18 16:00:12,678 - INFO - CONCEPCION -> RANCAGUA | L: Sucursal=$8700, Domicilio=$9200
2025-02-18 16:00:19,016 - INFO - Precios extra顔os - Sucursal: [4700, 9000, 14000, 16500], Domicilio: [5200, 9500, 14500, 17000]
2025-02-18 16:00:19,017 - INFO - SANTIAGO -> PUNTA ARENAS | XS: Sucursal=$4700, Domicilio=$5200
2025-02-18 16:00:19,017 - INFO - SANTIAGO -> PUNTA ARENAS | S: Sucursal=$9000, Domicilio=$9500
2025-02-18 16:00:19,018 - INFO - SANTIAGO -> PUNTA ARENAS | M: Sucursal=$14000, Domicilio=$14500
2025-02-18 16:00:19,018 - INFO - SANTIAGO -> PUNTA ARENAS | L: Sucursal=$16500, Domicilio=$17000
2025-02-18 16:00:25,448 - INFO - Precios extra顔os - Sucursal: [4700, 9000, 14000, 16500], Domicilio: [5200, 9500, 14500, 17000]
2025-02-18 16:00:25,449 - INFO - SANTIAGO -> ARICA | XS: Sucursal=$4700, Domicilio=$5200
2025-02-18 16:00:25,449 - INFO - SANTIAGO -> ARICA | S: Sucursal=$9000, Domicilio=$9500
2025-02-18 16:00:25,450 - INFO - SANTIAGO -> ARICA | M: Sucursal=$14000, Domicilio=$14500
2025-02-18 16:00:25,450 - INFO - SANTIAGO -> ARICA | L: Sucursal=$16500, Domicilio=$17000
2025-02-18 16:00:32,002 - INFO - Precios extra顔os - Sucursal: [4700, 9000, 14000, 16500], Domicilio: [5200, 9500, 14500, 17000]
2025-02-18 16:00:32,003 - INFO - SANTIAGO -> COYHAIQUE | XS: Sucursal=$4700, Domicilio=$5200
2025-02-18 16:00:32,003 - INFO - SANTIAGO -> COYHAIQUE | S: Sucursal=$9000, Domicilio=$9500
2025-02-18 16:00:32,003 - INFO - SANTIAGO -> COYHAIQUE | M: Sucursal=$14000, Domicilio=$14500
2025-02-18 16:00:32,004 - INFO - SANTIAGO -> COYHAIQUE | L: Sucursal=$16500, Domicilio=$17000
2025-02-18 16:00:38,530 - INFO - Precios extra顔os - Sucursal: [4700, 9000, 14000, 16500], Domicilio: [5200, 9500, 14500, 17000]
2025-02-18 16:00:38,531 - INFO - SANTIAGO -> IQUIQUE | XS: Sucursal=$4700, Domicilio=$5200
2025-02-18 16:00:38,532 - INFO - SANTIAGO -> IQUIQUE | S: Sucursal=$9000, Domicilio=$9500
2025-02-18 16:00:38,532 - INFO - SANTIAGO -> IQUIQUE | M: Sucursal=$14000, Domicilio=$14500
2025-02-18 16:00:38,532 - INFO - SANTIAGO -> IQUIQUE | L: Sucursal=$16500, Domicilio=$17000
2025-02-18 16:00:46,989 - INFO - Resultados guardados en la base de datos
2025-02-19 10:41:53,360 - INFO - Precios extra顔os - Sucursal: [2600, 3700, 4300, 4900], Domicilio: [3100, 4200, 4800, 5400]
2025-02-19 10:41:53,360 - INFO - SANTIAGO -> SANTIAGO | XS: Sucursal=$2600, Domicilio=$3100
2025-02-19 10:41:53,360 - INFO - SANTIAGO -> SANTIAGO | S: Sucursal=$3700, Domicilio=$4200
2025-02-19 10:41:53,361 - INFO - SANTIAGO -> SANTIAGO | M: Sucursal=$4300, Domicilio=$4800
2025-02-19 10:41:53,361 - INFO - SANTIAGO -> SANTIAGO | L: Sucursal=$4900, Domicilio=$5400
2025-02-19 10:41:59,867 - INFO - Precios extra顔os - Sucursal: [3800, 5100, 6800, 8700], Domicilio: [4300, 5600, 7300, 9200]
2025-02-19 10:41:59,868 - INFO - SANTIAGO -> CONCEPCION | XS: Sucursal=$3800, Domicilio=$4300
2025-02-19 10:41:59,868 - INFO - SANTIAGO -> CONCEPCION | S: Sucursal=$5100, Domicilio=$5600
2025-02-19 10:41:59,868 - INFO - SANTIAGO -> CONCEPCION | M: Sucursal=$6800, Domicilio=$7300
2025-02-19 10:41:59,868 - INFO - SANTIAGO -> CONCEPCION | L: Sucursal=$8700, Domicilio=$9200
2025-02-19 10:42:06,321 - INFO - Precios extra顔os - Sucursal: [3800, 5100, 6800, 8700], Domicilio: [4300, 5600, 7300, 9200]
2025-02-19 10:42:06,321 - INFO - CONCEPCION -> SANTIAGO | XS: Sucursal=$3800, Domicilio=$4300
2025-02-19 10:42:06,322 - INFO - CONCEPCION -> SANTIAGO | S: Sucursal=$5100, Domicilio=$5600
2025-02-19 10:42:06,322 - INFO - CONCEPCION -> SANTIAGO | M: Sucursal=$6800, Domicilio=$7300
2025-02-19 10:42:06,322 - INFO - CONCEPCION -> SANTIAGO | L: Sucursal=$8700, Domicilio=$9200
2025-02-19 10:42:12,727 - INFO - Precios extra顔os - Sucursal: [3800, 5100, 6800, 8700], Domicilio: [4300, 5600, 7300, 9200]
2025-02-19 10:42:12,728 - INFO - VI헤 DEL MAR -> SANTIAGO | XS: Sucursal=$3800, Domicilio=$4300
2025-02-19 10:42:12,728 - INFO - VI헤 DEL MAR -> SANTIAGO | S: Sucursal=$5100, Domicilio=$5600
2025-02-19 10:42:12,729 - INFO - VI헤 DEL MAR -> SANTIAGO | M: Sucursal=$6800, Domicilio=$7300
2025-02-19 10:42:12,729 - INFO - VI헤 DEL MAR -> SANTIAGO | L: Sucursal=$8700, Domicilio=$9200
2025-02-19 10:42:19,343 - INFO - Precios extra顔os - Sucursal: [3800, 5100, 6800, 8700], Domicilio: [4300, 5600, 7300, 9200]
2025-02-19 10:42:19,344 - INFO - SANTIAGO -> VALDIVIA | XS: Sucursal=$3800, Domicilio=$4300
2025-02-19 10:42:19,345 - INFO - SANTIAGO -> VALDIVIA | S: Sucursal=$5100, Domicilio=$5600
2025-02-19 10:42:19,345 - INFO - SANTIAGO -> VALDIVIA | M: Sucursal=$6800, Domicilio=$7300
2025-02-19 10:42:19,345 - INFO - SANTIAGO -> VALDIVIA | L: Sucursal=$8700, Domicilio=$9200
2025-02-19 10:42:25,932 - INFO - Precios extra顔os - Sucursal: [3800, 5100, 6800, 8700], Domicilio: [4300, 5600, 7300, 9200]
2025-02-19 10:42:25,932 - INFO - SANTIAGO -> VI헤 DEL MAR | XS: Sucursal=$3800, Domicilio=$4300
2025-02-19 10:42:25,933 - INFO - SANTIAGO -> VI헤 DEL MAR | S: Sucursal=$5100, Domicilio=$5600
2025-02-19 10:42:25,933 - INFO - SANTIAGO -> VI헤 DEL MAR | M: Sucursal=$6800, Domicilio=$7300
2025-02-19 10:42:25,933 - INFO - SANTIAGO -> VI헤 DEL MAR | L: Sucursal=$8700, Domicilio=$9200
2025-02-19 10:42:32,416 - INFO - Precios extra顔os - Sucursal: [3800, 5100, 6800, 8700], Domicilio: [4300, 5600, 7300, 9200]
2025-02-19 10:42:32,417 - INFO - VALDIVIA -> SANTIAGO | XS: Sucursal=$3800, Domicilio=$4300
2025-02-19 10:42:32,417 - INFO - VALDIVIA -> SANTIAGO | S: Sucursal=$5100, Domicilio=$5600
2025-02-19 10:42:32,417 - INFO - VALDIVIA -> SANTIAGO | M: Sucursal=$6800, Domicilio=$7300
2025-02-19 10:42:32,417 - INFO - VALDIVIA -> SANTIAGO | L: Sucursal=$8700, Domicilio=$9200
2025-02-19 10:42:38,967 - INFO - Precios extra顔os - Sucursal: [3800, 5100, 6800, 8700], Domicilio: [4300, 5600, 7300, 9200]
2025-02-19 10:42:38,967 - INFO - SANTIAGO -> LA SERENA | XS: Sucursal=$3800, Domicilio=$4300
2025-02-19 10:42:38,968 - INFO - SANTIAGO -> LA SERENA | S: Sucursal=$5100, Domicilio=$5600
2025-02-19 10:42:38,968 - INFO - SANTIAGO -> LA SERENA | M: Sucursal=$6800, Domicilio=$7300
2025-02-19 10:42:38,969 - INFO - SANTIAGO -> LA SERENA | L: Sucursal=$8700, Domicilio=$9200
2025-02-19 10:42:45,541 - INFO - Precios extra顔os - Sucursal: [3800, 5100, 6800, 8700], Domicilio: [4300, 5600, 7300, 9200]
2025-02-19 10:42:45,541 - INFO - SANTIAGO -> PUERTO MONTT | XS: Sucursal=$3800, Domicilio=$4300
2025-02-19 10:42:45,542 - INFO - SANTIAGO -> PUERTO MONTT | S: Sucursal=$5100, Domicilio=$5600
2025-02-19 10:42:45,542 - INFO - SANTIAGO -> PUERTO MONTT | M: Sucursal=$6800, Domicilio=$7300
2025-02-19 10:42:45,542 - INFO - SANTIAGO -> PUERTO MONTT | L: Sucursal=$8700, Domicilio=$9200
2025-02-19 10:42:52,082 - INFO - Precios extra顔os - Sucursal: [2600, 3700, 4300, 4900], Domicilio: [3100, 4200, 4800, 5400]
2025-02-19 10:42:52,082 - INFO - CONCEPCION -> CONCEPCION | XS: Sucursal=$2600, Domicilio=$3100
2025-02-19 10:42:52,082 - INFO - CONCEPCION -> CONCEPCION | S: Sucursal=$3700, Domicilio=$4200
2025-02-19 10:42:52,082 - INFO - CONCEPCION -> CONCEPCION | M: Sucursal=$4300, Domicilio=$4800
2025-02-19 10:42:52,082 - INFO - CONCEPCION -> CONCEPCION | L: Sucursal=$4900, Domicilio=$5400
2025-02-19 10:42:56,343 - ERROR - Error al cotizar env癌: Page.wait_for_timeout: Target page, context or browser has been closed
2025-02-19 10:42:56,386 - ERROR - Error procesando LA SERENA-SANTIAGO en intento 1: Page.wait_for_timeout: Target page, context or browser has been closed
2025-02-19 10:42:56,386 - INFO - Reiniciando scraping...
